
> cron-provider1@1.0.0 compare
> npx tsx -r dotenv/config ./postgres/simulate_load.ts

fetching stations from azure: https://air-quality-data-transfer.azurewebsites.net/api/ACA_Stations?code=4D9qtBtksBTIqhZ3p0qN4a3Gw2ewYKqOEKby_QimVmBbAzFue8Hi6Q%3D%3D
all removed stations were null
Filtered out 12 malformed stations
Took 2.091 s to finish all
internal/modules/cjs/loader.js:818
  throw err;
  ^

Error: Cannot find module 'node:path'
Require stack:
- /home/lukewarmspaghettisauce/.nvm/versions/node/v20.19.5/lib/node_modules/npm/lib/cli.js
- /home/lukewarmspaghettisauce/.nvm/versions/node/v20.19.5/lib/node_modules/npm/bin/npm-cli.js
    at Function.Module._resolveFilename (internal/modules/cjs/loader.js:815:15)
    at Function.Module._load (internal/modules/cjs/loader.js:667:27)
    at Module.require (internal/modules/cjs/loader.js:887:19)
    at require (internal/modules/cjs/helpers.js:85:18)
    at Object.<anonymous> (/home/lukewarmspaghettisauce/.nvm/versions/node/v20.19.5/lib/node_modules/npm/lib/cli.js:2:18)
    at Module._compile (internal/modules/cjs/loader.js:999:30)
    at Object.Module._extensions..js (internal/modules/cjs/loader.js:1027:10)
    at Module.load (internal/modules/cjs/loader.js:863:32)
    at Function.Module._load (internal/modules/cjs/loader.js:708:14)
    at Module.require (internal/modules/cjs/loader.js:887:19) {
  code: 'MODULE_NOT_FOUND',
  requireStack: [
    '/home/lukewarmspaghettisauce/.nvm/versions/node/v20.19.5/lib/node_modules/npm/lib/cli.js',
    '/home/lukewarmspaghettisauce/.nvm/versions/node/v20.19.5/lib/node_modules/npm/bin/npm-cli.js'
  ]
}

> cron-provider1@1.0.0 compare
> npx tsx -r dotenv/config ./postgres/simulate_load.ts

fetching stations from azure: https://air-quality-data-transfer.azurewebsites.net/api/ACA_Stations?code=4D9qtBtksBTIqhZ3p0qN4a3Gw2ewYKqOEKby_QimVmBbAzFue8Hi6Q%3D%3D
all removed stations were null
Filtered out 12 malformed stations
Took 1.935 s to finish all

> cron-provider1@1.0.0 compare
> npx tsx -r dotenv/config ./postgres/simulate_load.ts

fetching stations from azure: https://air-quality-data-transfer.azurewebsites.net/api/ACA_Stations?code=4D9qtBtksBTIqhZ3p0qN4a3Gw2ewYKqOEKby_QimVmBbAzFue8Hi6Q%3D%3D
all removed stations were null
Filtered out 10 malformed stations
Took 1.889 s to finish all

> cron-provider1@1.0.0 compare
> npx tsx -r dotenv/config ./postgres/simulate_load.ts

fetching stations from azure: https://air-quality-data-transfer.azurewebsites.net/api/ACA_Stations?code=4D9qtBtksBTIqhZ3p0qN4a3Gw2ewYKqOEKby_QimVmBbAzFue8Hi6Q%3D%3D
all removed stations were null
Filtered out 10 malformed stations
Took 39.928 s to finish all

> cron-provider1@1.0.0 compare
> npx tsx -r dotenv/config ./postgres/simulate_load.ts

fetching stations from azure: https://air-quality-data-transfer.azurewebsites.net/api/ACA_Stations?code=4D9qtBtksBTIqhZ3p0qN4a3Gw2ewYKqOEKby_QimVmBbAzFue8Hi6Q%3D%3D
all removed stations were null
Filtered out 10 malformed stations
Took 2.29 s to finish all

> cron-provider1@1.0.0 compare
> npx tsx -r dotenv/config ./postgres/simulate_load.ts

fetching stations from azure: https://air-quality-data-transfer.azurewebsites.net/api/ACA_Stations?code=4D9qtBtksBTIqhZ3p0qN4a3Gw2ewYKqOEKby_QimVmBbAzFue8Hi6Q%3D%3D
all removed stations were null
Filtered out 10 malformed stations
Took 1.844 s to finish all

> cron-provider1@1.0.0 compare
> npx tsx -r dotenv/config ./postgres/simulate_load.ts

fetching stations from azure: https://air-quality-data-transfer.azurewebsites.net/api/ACA_Stations?code=4D9qtBtksBTIqhZ3p0qN4a3Gw2ewYKqOEKby_QimVmBbAzFue8Hi6Q%3D%3D
all removed stations were null
Filtered out 10 malformed stations
Took 1.774 s to finish all

> cron-provider1@1.0.0 compare
> npx tsx -r dotenv/config ./postgres/simulate_load.ts

fetching stations from azure: https://air-quality-data-transfer.azurewebsites.net/api/ACA_Stations?code=4D9qtBtksBTIqhZ3p0qN4a3Gw2ewYKqOEKby_QimVmBbAzFue8Hi6Q%3D%3D
all removed stations were null
Filtered out 10 malformed stations
Took 1.809 s to finish all

> cron-provider1@1.0.0 compare
> npx tsx -r dotenv/config ./postgres/simulate_load.ts

fetching stations from azure: https://air-quality-data-transfer.azurewebsites.net/api/ACA_Stations?code=4D9qtBtksBTIqhZ3p0qN4a3Gw2ewYKqOEKby_QimVmBbAzFue8Hi6Q%3D%3D
all removed stations were null
Filtered out 10 malformed stations
Took 1.781 s to finish all

> cron-provider1@1.0.0 compare
> npx tsx -r dotenv/config ./postgres/simulate_load.ts

fetching stations from azure: https://air-quality-data-transfer.azurewebsites.net/api/ACA_Stations?code=4D9qtBtksBTIqhZ3p0qN4a3Gw2ewYKqOEKby_QimVmBbAzFue8Hi6Q%3D%3D
all removed stations were null
Filtered out 10 malformed stations
Took 1.961 s to finish all

> cron-provider1@1.0.0 compare
> npx tsx -r dotenv/config ./postgres/simulate_load.ts

fetching stations from azure: https://air-quality-data-transfer.azurewebsites.net/api/ACA_Stations?code=4D9qtBtksBTIqhZ3p0qN4a3Gw2ewYKqOEKby_QimVmBbAzFue8Hi6Q%3D%3D
all removed stations were null
Filtered out 10 malformed stations
Took 1.731 s to finish all

> cron-provider1@1.0.0 compare
> npx tsx -r dotenv/config ./postgres/simulate_load.ts

fetching stations from azure: https://air-quality-data-transfer.azurewebsites.net/api/ACA_Stations?code=4D9qtBtksBTIqhZ3p0qN4a3Gw2ewYKqOEKby_QimVmBbAzFue8Hi6Q%3D%3D
all removed stations were null
Filtered out 10 malformed stations
Took 1.846 s to finish all

> cron-provider1@1.0.0 compare
> npx tsx -r dotenv/config ./postgres/simulate_load.ts

fetching stations from azure: https://air-quality-data-transfer.azurewebsites.net/api/ACA_Stations?code=4D9qtBtksBTIqhZ3p0qN4a3Gw2ewYKqOEKby_QimVmBbAzFue8Hi6Q%3D%3D
all removed stations were null
Filtered out 10 malformed stations
Took 1.78 s to finish all

> cron-provider1@1.0.0 compare
> npx tsx -r dotenv/config ./postgres/simulate_load.ts

fetching stations from azure: https://air-quality-data-transfer.azurewebsites.net/api/ACA_Stations?code=4D9qtBtksBTIqhZ3p0qN4a3Gw2ewYKqOEKby_QimVmBbAzFue8Hi6Q%3D%3D
all removed stations were null
Filtered out 10 malformed stations
Took 1.795 s to finish all

> cron-provider1@1.0.0 compare
> npx tsx -r dotenv/config ./postgres/simulate_load.ts

fetching stations from azure: https://air-quality-data-transfer.azurewebsites.net/api/ACA_Stations?code=4D9qtBtksBTIqhZ3p0qN4a3Gw2ewYKqOEKby_QimVmBbAzFue8Hi6Q%3D%3D
all removed stations were null
Filtered out 10 malformed stations
Took 1.765 s to finish all

> cron-provider1@1.0.0 compare
> npx tsx -r dotenv/config ./postgres/simulate_load.ts

fetching stations from azure: https://air-quality-data-transfer.azurewebsites.net/api/ACA_Stations?code=4D9qtBtksBTIqhZ3p0qN4a3Gw2ewYKqOEKby_QimVmBbAzFue8Hi6Q%3D%3D
all removed stations were null
Filtered out 10 malformed stations
Took 143.11 s to finish all

> cron-provider1@1.0.0 compare
> npx tsx -r dotenv/config ./postgres/simulate_load.ts

fetching stations from azure: https://air-quality-data-transfer.azurewebsites.net/api/ACA_Stations?code=4D9qtBtksBTIqhZ3p0qN4a3Gw2ewYKqOEKby_QimVmBbAzFue8Hi6Q%3D%3D
all removed stations were null
Filtered out 10 malformed stations
Took 1.788 s to finish all

> cron-provider1@1.0.0 compare
> npx tsx -r dotenv/config ./postgres/simulate_load.ts

fetching stations from azure: https://air-quality-data-transfer.azurewebsites.net/api/ACA_Stations?code=4D9qtBtksBTIqhZ3p0qN4a3Gw2ewYKqOEKby_QimVmBbAzFue8Hi6Q%3D%3D
all removed stations were null
Filtered out 10 malformed stations
Took 1.791 s to finish all

> cron-provider1@1.0.0 compare
> npx tsx -r dotenv/config ./postgres/simulate_load.ts

fetching stations from azure: https://air-quality-data-transfer.azurewebsites.net/api/ACA_Stations?code=4D9qtBtksBTIqhZ3p0qN4a3Gw2ewYKqOEKby_QimVmBbAzFue8Hi6Q%3D%3D
all removed stations were null
Filtered out 10 malformed stations
Took 1.639 s to finish all

> cron-provider1@1.0.0 compare
> npx tsx -r dotenv/config ./postgres/simulate_load.ts

fetching stations from azure: https://air-quality-data-transfer.azurewebsites.net/api/ACA_Stations?code=4D9qtBtksBTIqhZ3p0qN4a3Gw2ewYKqOEKby_QimVmBbAzFue8Hi6Q%3D%3D
all removed stations were null
Filtered out 10 malformed stations
Took 1.632 s to finish all

> cron-provider1@1.0.0 compare
> npx tsx -r dotenv/config ./postgres/simulate_load.ts

fetching stations from azure: https://air-quality-data-transfer.azurewebsites.net/api/ACA_Stations?code=4D9qtBtksBTIqhZ3p0qN4a3Gw2ewYKqOEKby_QimVmBbAzFue8Hi6Q%3D%3D
all removed stations were null
Filtered out 10 malformed stations
Took 1.526 s to finish all

> cron-provider1@1.0.0 compare
> npx tsx -r dotenv/config ./postgres/simulate_load.ts

fetching stations from azure: https://air-quality-data-transfer.azurewebsites.net/api/ACA_Stations?code=4D9qtBtksBTIqhZ3p0qN4a3Gw2ewYKqOEKby_QimVmBbAzFue8Hi6Q%3D%3D
all removed stations were null
Filtered out 10 malformed stations
Took 1.56 s to finish all

> cron-provider1@1.0.0 compare
> npx tsx -r dotenv/config ./postgres/simulate_load.ts

fetching stations from azure: https://air-quality-data-transfer.azurewebsites.net/api/ACA_Stations?code=4D9qtBtksBTIqhZ3p0qN4a3Gw2ewYKqOEKby_QimVmBbAzFue8Hi6Q%3D%3D
Error fetching air quality data: Error: HTTP 504: 
    at getStations (/home/lukewarmspaghettisauce/projects/air_quality/IST VM/srv/images/cron-provider1/srv/azure/fetch_stations.ts:35:33)
    at process.processTicksAndRejections (node:internal/process/task_queues:95:5)
    at async Promise.all (index 2)
    at async <anonymous> (/home/lukewarmspaghettisauce/projects/air_quality/IST VM/srv/images/cron-provider1/srv/postgres/simulate_load.ts:115:40)
node:internal/process/promises:391
    triggerUncaughtException(err, true /* fromPromise */);
    ^

Error: HTTP 504: 
    at getStations (/home/lukewarmspaghettisauce/projects/air_quality/IST VM/srv/images/cron-provider1/srv/azure/fetch_stations.ts:35:33)
    at process.processTicksAndRejections (node:internal/process/task_queues:95:5)
    at async Promise.all (index 2)
    at async <anonymous> (/home/lukewarmspaghettisauce/projects/air_quality/IST VM/srv/images/cron-provider1/srv/postgres/simulate_load.ts:115:40)

Node.js v20.19.5

> cron-provider1@1.0.0 compare
> npx tsx -r dotenv/config ./postgres/simulate_load.ts

fetching stations from azure: https://air-quality-data-transfer.azurewebsites.net/api/ACA_Stations?code=4D9qtBtksBTIqhZ3p0qN4a3Gw2ewYKqOEKby_QimVmBbAzFue8Hi6Q%3D%3D
all removed stations were null
Filtered out 10 malformed stations
Took 1.617 s to finish all

> cron-provider1@1.0.0 compare
> npx tsx -r dotenv/config ./postgres/simulate_load.ts

fetching stations from azure: https://air-quality-data-transfer.azurewebsites.net/api/ACA_Stations?code=4D9qtBtksBTIqhZ3p0qN4a3Gw2ewYKqOEKby_QimVmBbAzFue8Hi6Q%3D%3D
all removed stations were null
Filtered out 10 malformed stations
Took 134.037 s to finish all

> cron-provider1@1.0.0 compare
> npx tsx -r dotenv/config ./postgres/simulate_load.ts

fetching stations from azure: https://air-quality-data-transfer.azurewebsites.net/api/ACA_Stations?code=4D9qtBtksBTIqhZ3p0qN4a3Gw2ewYKqOEKby_QimVmBbAzFue8Hi6Q%3D%3D
all removed stations were null
Filtered out 10 malformed stations
Took 2.148 s to finish all

> cron-provider1@1.0.0 compare
> npx tsx -r dotenv/config ./postgres/simulate_load.ts

fetching stations from azure: https://air-quality-data-transfer.azurewebsites.net/api/ACA_Stations?code=4D9qtBtksBTIqhZ3p0qN4a3Gw2ewYKqOEKby_QimVmBbAzFue8Hi6Q%3D%3D
all removed stations were null
Filtered out 10 malformed stations
Took 2.28 s to finish all

> cron-provider1@1.0.0 compare
> npx tsx -r dotenv/config ./postgres/simulate_load.ts

fetching stations from azure: https://air-quality-data-transfer.azurewebsites.net/api/ACA_Stations?code=4D9qtBtksBTIqhZ3p0qN4a3Gw2ewYKqOEKby_QimVmBbAzFue8Hi6Q%3D%3D
all removed stations were null
Filtered out 10 malformed stations
Took 1.915 s to finish all

> cron-provider1@1.0.0 compare
> npx tsx -r dotenv/config ./postgres/simulate_load.ts

fetching stations from azure: https://air-quality-data-transfer.azurewebsites.net/api/ACA_Stations?code=4D9qtBtksBTIqhZ3p0qN4a3Gw2ewYKqOEKby_QimVmBbAzFue8Hi6Q%3D%3D
all removed stations were null
Filtered out 10 malformed stations
Took 2.018 s to finish all

> cron-provider1@1.0.0 compare
> npx tsx -r dotenv/config ./postgres/simulate_load.ts

fetching stations from azure: https://air-quality-data-transfer.azurewebsites.net/api/ACA_Stations?code=4D9qtBtksBTIqhZ3p0qN4a3Gw2ewYKqOEKby_QimVmBbAzFue8Hi6Q%3D%3D
all removed stations were null
Filtered out 10 malformed stations
Took 1.869 s to finish all

> cron-provider1@1.0.0 compare
> npx tsx -r dotenv/config ./postgres/simulate_load.ts

fetching stations from azure: https://air-quality-data-transfer.azurewebsites.net/api/ACA_Stations?code=4D9qtBtksBTIqhZ3p0qN4a3Gw2ewYKqOEKby_QimVmBbAzFue8Hi6Q%3D%3D
all removed stations were null
Filtered out 10 malformed stations
Took 1.889 s to finish all

> cron-provider1@1.0.0 compare
> npx tsx -r dotenv/config ./postgres/simulate_load.ts

fetching stations from azure: https://air-quality-data-transfer.azurewebsites.net/api/ACA_Stations?code=4D9qtBtksBTIqhZ3p0qN4a3Gw2ewYKqOEKby_QimVmBbAzFue8Hi6Q%3D%3D
Error fetching air quality data: Error: HTTP 504: 
    at getStations (/home/lukewarmspaghettisauce/projects/air_quality/IST VM/srv/images/cron-provider1/srv/azure/fetch_stations.ts:35:33)
    at process.processTicksAndRejections (node:internal/process/task_queues:95:5)
    at async Promise.all (index 2)
    at async <anonymous> (/home/lukewarmspaghettisauce/projects/air_quality/IST VM/srv/images/cron-provider1/srv/postgres/simulate_load.ts:115:40)
node:internal/process/promises:391
    triggerUncaughtException(err, true /* fromPromise */);
    ^

Error: HTTP 504: 
    at getStations (/home/lukewarmspaghettisauce/projects/air_quality/IST VM/srv/images/cron-provider1/srv/azure/fetch_stations.ts:35:33)
    at process.processTicksAndRejections (node:internal/process/task_queues:95:5)
    at async Promise.all (index 2)
    at async <anonymous> (/home/lukewarmspaghettisauce/projects/air_quality/IST VM/srv/images/cron-provider1/srv/postgres/simulate_load.ts:115:40)

Node.js v20.19.5

> cron-provider1@1.0.0 compare
> npx tsx -r dotenv/config ./postgres/simulate_load.ts

fetching stations from azure: https://air-quality-data-transfer.azurewebsites.net/api/ACA_Stations?code=4D9qtBtksBTIqhZ3p0qN4a3Gw2ewYKqOEKby_QimVmBbAzFue8Hi6Q%3D%3D
all removed stations were null
Filtered out 10 malformed stations
Took 1.827 s to finish all

> cron-provider1@1.0.0 compare
> npx tsx -r dotenv/config ./postgres/simulate_load.ts

fetching stations from azure: https://air-quality-data-transfer.azurewebsites.net/api/ACA_Stations?code=4D9qtBtksBTIqhZ3p0qN4a3Gw2ewYKqOEKby_QimVmBbAzFue8Hi6Q%3D%3D
all removed stations were null
Filtered out 10 malformed stations
Took 3.643 s to finish all

> cron-provider1@1.0.0 compare
> npx tsx -r dotenv/config ./postgres/simulate_load.ts

fetching stations from azure: https://air-quality-data-transfer.azurewebsites.net/api/ACA_Stations?code=4D9qtBtksBTIqhZ3p0qN4a3Gw2ewYKqOEKby_QimVmBbAzFue8Hi6Q%3D%3D
all removed stations were null
Filtered out 10 malformed stations
Took 1.683 s to finish all

> cron-provider1@1.0.0 compare
> npx tsx -r dotenv/config ./postgres/simulate_load.ts

fetching stations from azure: https://air-quality-data-transfer.azurewebsites.net/api/ACA_Stations?code=4D9qtBtksBTIqhZ3p0qN4a3Gw2ewYKqOEKby_QimVmBbAzFue8Hi6Q%3D%3D
all removed stations were null
Filtered out 10 malformed stations
Took 2.133 s to finish all

> cron-provider1@1.0.0 compare
> npx tsx -r dotenv/config ./postgres/simulate_load.ts

fetching stations from azure: https://air-quality-data-transfer.azurewebsites.net/api/ACA_Stations?code=4D9qtBtksBTIqhZ3p0qN4a3Gw2ewYKqOEKby_QimVmBbAzFue8Hi6Q%3D%3D
all removed stations were null
Filtered out 10 malformed stations
Took 1.876 s to finish all
